<?xml version="1.0" encoding="UTF-8"?>
<!-- Generated by org.testng.reporters.JUnitXMLReporter -->
<testsuite hostname="DESKTOP-82N2FV3" ignored="1" name="Parameter" tests="3" failures="0" timestamp="2019-12-07T10:45:58 IST" time="42.968" errors="0">
  <testcase name="createLead" time="15.687" classname="testcases.CreateLead"/>
  <testcase name="deleteLead" time="18.957" classname="testcases.DeleteLead"/>
  <testcase name="createLead" time="10.038" classname="testcases.CreateLead"/>
  <testcase name="@BeforeTest setData" time="0.0" classname="org.testleaf.leaftaps.base.ProjectSpecificMethod">
    <ignored/>
  </testcase> <!-- @BeforeTest setData -->
</testsuite> <!-- Parameter -->
